<?xml version="1.0" encoding="UTF-8"?>
<testsuite xmlns:xsi="http://www.w3.org/2001/XMLSchema-instance" xsi:noNamespaceSchemaLocation="https://maven.apache.org/surefire/maven-surefire-plugin/xsd/surefire-test-report.xsd" name="org.springCloud.server.AppTest" time="0.003" tests="1" errors="0" skipped="0" failures="0">
  <properties>
    <property name="sun.desktop" value="windows"/>
    <property name="awt.toolkit" value="sun.awt.windows.WToolkit"/>
    <property name="file.encoding.pkg" value="sun.io"/>
    <property name="java.specification.version" value="1.8"/>
    <property name="sun.cpu.isalist" value="amd64"/>
    <property name="sun.jnu.encoding" value="GBK"/>
    <property name="java.class.path" value="D:\Program Files\workspace_my\springCloud\springCloud-server\target\test-classes;D:\Program Files\workspace_my\springCloud\springCloud-server\target\classes;D:\localRepository\org\springframework\cloud\spring-cloud-starter-eureka-server\1.3.4.RELEASE\spring-cloud-starter-eureka-server-1.3.4.RELEASE.jar;D:\localRepository\org\springframework\cloud\spring-cloud-starter\1.2.3.RELEASE\spring-cloud-starter-1.2.3.RELEASE.jar;D:\localRepository\org\springframework\boot\spring-boot-starter\2.0.4.RELEASE\spring-boot-starter-2.0.4.RELEASE.jar;D:\localRepository\org\springframework\boot\spring-boot-starter-logging\2.0.4.RELEASE\spring-boot-starter-logging-2.0.4.RELEASE.jar;D:\localRepository\ch\qos\logback\logback-classic\1.2.3\logback-classic-1.2.3.jar;D:\localRepository\ch\qos\logback\logback-core\1.2.3\logback-core-1.2.3.jar;D:\localRepository\org\apache\logging\log4j\log4j-to-slf4j\2.10.0\log4j-to-slf4j-2.10.0.jar;D:\localRepository\org\apache\logging\log4j\log4j-api\2.10.0\log4j-api-2.10.0.jar;D:\localRepository\org\slf4j\jul-to-slf4j\1.7.25\jul-to-slf4j-1.7.25.jar;D:\localRepository\javax\annotation\javax.annotation-api\1.3.2\javax.annotation-api-1.3.2.jar;D:\localRepository\org\yaml\snakeyaml\1.19\snakeyaml-1.19.jar;D:\localRepository\org\springframework\cloud\spring-cloud-context\1.2.3.RELEASE\spring-cloud-context-1.2.3.RELEASE.jar;D:\localRepository\org\springframework\security\spring-security-crypto\5.0.7.RELEASE\spring-security-crypto-5.0.7.RELEASE.jar;D:\localRepository\org\springframework\cloud\spring-cloud-commons\1.2.3.RELEASE\spring-cloud-commons-1.2.3.RELEASE.jar;D:\localRepository\org\springframework\security\spring-security-rsa\1.0.3.RELEASE\spring-security-rsa-1.0.3.RELEASE.jar;D:\localRepository\org\bouncycastle\bcpkix-jdk15on\1.55\bcpkix-jdk15on-1.55.jar;D:\localRepository\org\bouncycastle\bcprov-jdk15on\1.55\bcprov-jdk15on-1.55.jar;D:\localRepository\org\springframework\cloud\spring-cloud-netflix-eureka-server\1.3.4.RELEASE\spring-cloud-netflix-eureka-server-1.3.4.RELEASE.jar;D:\localRepository\org\springframework\boot\spring-boot-starter-actuator\2.0.4.RELEASE\spring-boot-starter-actuator-2.0.4.RELEASE.jar;D:\localRepository\org\springframework\boot\spring-boot-actuator-autoconfigure\2.0.4.RELEASE\spring-boot-actuator-autoconfigure-2.0.4.RELEASE.jar;D:\localRepository\org\springframework\boot\spring-boot-actuator\2.0.4.RELEASE\spring-boot-actuator-2.0.4.RELEASE.jar;D:\localRepository\io\micrometer\micrometer-core\1.0.6\micrometer-core-1.0.6.jar;D:\localRepository\org\hdrhistogram\HdrHistogram\2.1.10\HdrHistogram-2.1.10.jar;D:\localRepository\org\latencyutils\LatencyUtils\2.0.3\LatencyUtils-2.0.3.jar;D:\localRepository\org\springframework\boot\spring-boot-starter-freemarker\2.0.4.RELEASE\spring-boot-starter-freemarker-2.0.4.RELEASE.jar;D:\localRepository\org\freemarker\freemarker\2.3.28\freemarker-2.3.28.jar;D:\localRepository\org\springframework\spring-context-support\5.0.8.RELEASE\spring-context-support-5.0.8.RELEASE.jar;D:\localRepository\com\sun\jersey\jersey-servlet\1.19.1\jersey-servlet-1.19.1.jar;D:\localRepository\com\sun\jersey\jersey-server\1.19.1\jersey-server-1.19.1.jar;D:\localRepository\com\netflix\archaius\archaius-core\0.7.4\archaius-core-0.7.4.jar;D:\localRepository\com\google\code\findbugs\jsr305\3.0.1\jsr305-3.0.1.jar;D:\localRepository\javax\inject\javax.inject\1\javax.inject-1.jar;D:\localRepository\com\fasterxml\jackson\dataformat\jackson-dataformat-xml\2.9.6\jackson-dataformat-xml-2.9.6.jar;D:\localRepository\com\fasterxml\jackson\module\jackson-module-jaxb-annotations\2.9.6\jackson-module-jaxb-annotations-2.9.6.jar;D:\localRepository\org\codehaus\woodstox\stax2-api\3.1.4\stax2-api-3.1.4.jar;D:\localRepository\com\fasterxml\woodstox\woodstox-core\5.0.3\woodstox-core-5.0.3.jar;D:\localRepository\org\springframework\cloud\spring-cloud-starter-archaius\1.3.4.RELEASE\spring-cloud-starter-archaius-1.3.4.RELEASE.jar;D:\localRepository\commons-configuration\commons-configuration\1.8\commons-configuration-1.8.jar;D:\localRepository\commons-lang\commons-lang\2.6\commons-lang-2.6.jar;D:\localRepository\com\fasterxml\jackson\core\jackson-annotations\2.9.0\jackson-annotations-2.9.0.jar;D:\localRepository\com\fasterxml\jackson\core\jackson-core\2.9.6\jackson-core-2.9.6.jar;D:\localRepository\com\google\guava\guava\18.0\guava-18.0.jar;D:\localRepository\org\springframework\cloud\spring-cloud-starter-ribbon\1.3.4.RELEASE\spring-cloud-starter-ribbon-1.3.4.RELEASE.jar;D:\localRepository\com\netflix\ribbon\ribbon\2.2.2\ribbon-2.2.2.jar;D:\localRepository\com\netflix\ribbon\ribbon-transport\2.2.2\ribbon-transport-2.2.2.jar;D:\localRepository\io\reactivex\rxnetty-contexts\0.4.9\rxnetty-contexts-0.4.9.jar;D:\localRepository\io\reactivex\rxnetty-servo\0.4.9\rxnetty-servo-0.4.9.jar;D:\localRepository\com\netflix\hystrix\hystrix-core\1.5.12\hystrix-core-1.5.12.jar;D:\localRepository\io\reactivex\rxnetty\0.4.9\rxnetty-0.4.9.jar;D:\localRepository\io\netty\netty-codec-http\4.1.27.Final\netty-codec-http-4.1.27.Final.jar;D:\localRepository\io\netty\netty-codec\4.1.27.Final\netty-codec-4.1.27.Final.jar;D:\localRepository\io\netty\netty-transport-native-epoll\4.1.27.Final\netty-transport-native-epoll-4.1.27.Final.jar;D:\localRepository\io\netty\netty-common\4.1.27.Final\netty-common-4.1.27.Final.jar;D:\localRepository\io\netty\netty-buffer\4.1.27.Final\netty-buffer-4.1.27.Final.jar;D:\localRepository\io\netty\netty-transport-native-unix-common\4.1.27.Final\netty-transport-native-unix-common-4.1.27.Final.jar;D:\localRepository\io\netty\netty-transport\4.1.27.Final\netty-transport-4.1.27.Final.jar;D:\localRepository\io\netty\netty-resolver\4.1.27.Final\netty-resolver-4.1.27.Final.jar;D:\localRepository\com\netflix\ribbon\ribbon-core\2.2.2\ribbon-core-2.2.2.jar;D:\localRepository\com\netflix\ribbon\ribbon-httpclient\2.2.2\ribbon-httpclient-2.2.2.jar;D:\localRepository\commons-collections\commons-collections\3.2.1\commons-collections-3.2.1.jar;D:\localRepository\com\netflix\netflix-commons\netflix-commons-util\0.1.1\netflix-commons-util-0.1.1.jar;D:\localRepository\com\netflix\ribbon\ribbon-loadbalancer\2.2.2\ribbon-loadbalancer-2.2.2.jar;D:\localRepository\com\netflix\netflix-commons\netflix-statistics\0.1.1\netflix-statistics-0.1.1.jar;D:\localRepository\io\reactivex\rxjava\1.3.8\rxjava-1.3.8.jar;D:\localRepository\com\netflix\ribbon\ribbon-eureka\2.2.2\ribbon-eureka-2.2.2.jar;D:\localRepository\org\slf4j\slf4j-api\1.7.25\slf4j-api-1.7.25.jar;D:\localRepository\junit\junit\3.8.1\junit-3.8.1.jar;D:\localRepository\org\springframework\cloud\spring-cloud-starter-config\1.3.2.RELEASE\spring-cloud-starter-config-1.3.2.RELEASE.jar;D:\localRepository\org\springframework\cloud\spring-cloud-config-client\1.3.2.RELEASE\spring-cloud-config-client-1.3.2.RELEASE.jar;D:\localRepository\org\springframework\spring-web\5.0.8.RELEASE\spring-web-5.0.8.RELEASE.jar;D:\localRepository\org\springframework\spring-beans\5.0.8.RELEASE\spring-beans-5.0.8.RELEASE.jar;D:\localRepository\com\fasterxml\jackson\core\jackson-databind\2.9.6\jackson-databind-2.9.6.jar;D:\localRepository\org\springframework\cloud\spring-cloud-starter-eureka\1.3.4.RELEASE\spring-cloud-starter-eureka-1.3.4.RELEASE.jar;D:\localRepository\org\springframework\boot\spring-boot-starter-web\2.0.4.RELEASE\spring-boot-starter-web-2.0.4.RELEASE.jar;D:\localRepository\org\springframework\boot\spring-boot-starter-json\2.0.4.RELEASE\spring-boot-starter-json-2.0.4.RELEASE.jar;D:\localRepository\com\fasterxml\jackson\datatype\jackson-datatype-jdk8\2.9.6\jackson-datatype-jdk8-2.9.6.jar;D:\localRepository\com\fasterxml\jackson\datatype\jackson-datatype-jsr310\2.9.6\jackson-datatype-jsr310-2.9.6.jar;D:\localRepository\com\fasterxml\jackson\module\jackson-module-parameter-names\2.9.6\jackson-module-parameter-names-2.9.6.jar;D:\localRepository\org\springframework\boot\spring-boot-starter-tomcat\2.0.4.RELEASE\spring-boot-starter-tomcat-2.0.4.RELEASE.jar;D:\localRepository\org\apache\tomcat\embed\tomcat-embed-core\8.5.32\tomcat-embed-core-8.5.32.jar;D:\localRepository\org\apache\tomcat\embed\tomcat-embed-el\8.5.32\tomcat-embed-el-8.5.32.jar;D:\localRepository\org\apache\tomcat\embed\tomcat-embed-websocket\8.5.32\tomcat-embed-websocket-8.5.32.jar;D:\localRepository\org\hibernate\validator\hibernate-validator\6.0.11.Final\hibernate-validator-6.0.11.Final.jar;D:\localRepository\javax\validation\validation-api\2.0.1.Final\validation-api-2.0.1.Final.jar;D:\localRepository\org\jboss\logging\jboss-logging\3.3.2.Final\jboss-logging-3.3.2.Final.jar;D:\localRepository\com\fasterxml\classmate\1.3.4\classmate-1.3.4.jar;D:\localRepository\org\springframework\spring-webmvc\5.0.8.RELEASE\spring-webmvc-5.0.8.RELEASE.jar;D:\localRepository\org\springframework\spring-aop\5.0.8.RELEASE\spring-aop-5.0.8.RELEASE.jar;D:\localRepository\org\springframework\spring-expression\5.0.8.RELEASE\spring-expression-5.0.8.RELEASE.jar;D:\localRepository\org\springframework\cloud\spring-cloud-netflix-core\1.3.4.RELEASE\spring-cloud-netflix-core-1.3.4.RELEASE.jar;D:\localRepository\org\springframework\cloud\spring-cloud-netflix-eureka-client\1.3.4.RELEASE\spring-cloud-netflix-eureka-client-1.3.4.RELEASE.jar;D:\localRepository\com\netflix\eureka\eureka-client\1.6.2\eureka-client-1.6.2.jar;D:\localRepository\org\codehaus\jettison\jettison\1.3.7\jettison-1.3.7.jar;D:\localRepository\stax\stax-api\1.0.1\stax-api-1.0.1.jar;D:\localRepository\com\netflix\netflix-commons\netflix-eventbus\0.3.0\netflix-eventbus-0.3.0.jar;D:\localRepository\com\netflix\netflix-commons\netflix-infix\0.3.0\netflix-infix-0.3.0.jar;D:\localRepository\commons-jxpath\commons-jxpath\1.3\commons-jxpath-1.3.jar;D:\localRepository\joda-time\joda-time\2.9.9\joda-time-2.9.9.jar;D:\localRepository\org\antlr\antlr-runtime\3.4\antlr-runtime-3.4.jar;D:\localRepository\org\antlr\stringtemplate\3.2.1\stringtemplate-3.2.1.jar;D:\localRepository\antlr\antlr\2.7.7\antlr-2.7.7.jar;D:\localRepository\com\google\code\gson\gson\2.8.5\gson-2.8.5.jar;D:\localRepository\org\apache\commons\commons-math\2.2\commons-math-2.2.jar;D:\localRepository\javax\ws\rs\jsr311-api\1.1.1\jsr311-api-1.1.1.jar;D:\localRepository\com\netflix\servo\servo-core\0.10.1\servo-core-0.10.1.jar;D:\localRepository\com\netflix\servo\servo-internal\0.10.1\servo-internal-0.10.1.jar;D:\localRepository\com\sun\jersey\jersey-core\1.19.1\jersey-core-1.19.1.jar;D:\localRepository\com\sun\jersey\jersey-client\1.19.1\jersey-client-1.19.1.jar;D:\localRepository\com\sun\jersey\contribs\jersey-apache-client4\1.19.1\jersey-apache-client4-1.19.1.jar;D:\localRepository\org\apache\httpcomponents\httpclient\4.5.6\httpclient-4.5.6.jar;D:\localRepository\org\apache\httpcomponents\httpcore\4.4.10\httpcore-4.4.10.jar;D:\localRepository\commons-codec\commons-codec\1.11\commons-codec-1.11.jar;D:\localRepository\com\google\inject\guice\4.1.0\guice-4.1.0.jar;D:\localRepository\aopalliance\aopalliance\1.0\aopalliance-1.0.jar;D:\localRepository\com\netflix\eureka\eureka-core\1.6.2\eureka-core-1.6.2.jar;D:\localRepository\org\codehaus\woodstox\woodstox-core-asl\4.4.1\woodstox-core-asl-4.4.1.jar;D:\localRepository\javax\xml\stream\stax-api\1.0-2\stax-api-1.0-2.jar;D:\localRepository\com\thoughtworks\xstream\xstream\1.4.9\xstream-1.4.9.jar;D:\localRepository\xmlpull\xmlpull\1.1.3.1\xmlpull-1.1.3.1.jar;D:\localRepository\xpp3\xpp3_min\1.1.4c\xpp3_min-1.1.4c.jar;D:\localRepository\org\springframework\boot\spring-boot-devtools\2.0.4.RELEASE\spring-boot-devtools-2.0.4.RELEASE.jar;D:\localRepository\org\springframework\boot\spring-boot\2.0.4.RELEASE\spring-boot-2.0.4.RELEASE.jar;D:\localRepository\org\springframework\spring-core\5.0.8.RELEASE\spring-core-5.0.8.RELEASE.jar;D:\localRepository\org\springframework\spring-jcl\5.0.8.RELEASE\spring-jcl-5.0.8.RELEASE.jar;D:\localRepository\org\springframework\spring-context\5.0.8.RELEASE\spring-context-5.0.8.RELEASE.jar;D:\localRepository\org\springframework\boot\spring-boot-autoconfigure\2.0.4.RELEASE\spring-boot-autoconfigure-2.0.4.RELEASE.jar;"/>
    <property name="java.vm.vendor" value="Oracle Corporation"/>
    <property name="sun.arch.data.model" value="64"/>
    <property name="user.variant" value=""/>
    <property name="java.vendor.url" value="http://java.oracle.com/"/>
    <property name="user.timezone" value=""/>
    <property name="java.vm.specification.version" value="1.8"/>
    <property name="os.name" value="Windows 7"/>
    <property name="user.country" value="CN"/>
    <property name="sun.java.launcher" value="SUN_STANDARD"/>
    <property name="sun.boot.library.path" value="D:\Program Files\Java\jdk1.8.0_91\jre\bin"/>
    <property name="sun.java.command" value="C:\Users\zy\AppData\Local\Temp\surefire7935191200989908775\surefirebooter7751976488467516319.jar C:\Users\zy\AppData\Local\Temp\surefire7935191200989908775 2018-08-23T14-35-19_750-jvmRun1 surefire645148112625666203tmp surefire_01170141593243678260tmp"/>
    <property name="surefire.test.class.path" value="D:\Program Files\workspace_my\springCloud\springCloud-server\target\test-classes;D:\Program Files\workspace_my\springCloud\springCloud-server\target\classes;D:\localRepository\org\springframework\cloud\spring-cloud-starter-eureka-server\1.3.4.RELEASE\spring-cloud-starter-eureka-server-1.3.4.RELEASE.jar;D:\localRepository\org\springframework\cloud\spring-cloud-starter\1.2.3.RELEASE\spring-cloud-starter-1.2.3.RELEASE.jar;D:\localRepository\org\springframework\boot\spring-boot-starter\2.0.4.RELEASE\spring-boot-starter-2.0.4.RELEASE.jar;D:\localRepository\org\springframework\boot\spring-boot-starter-logging\2.0.4.RELEASE\spring-boot-starter-logging-2.0.4.RELEASE.jar;D:\localRepository\ch\qos\logback\logback-classic\1.2.3\logback-classic-1.2.3.jar;D:\localRepository\ch\qos\logback\logback-core\1.2.3\logback-core-1.2.3.jar;D:\localRepository\org\apache\logging\log4j\log4j-to-slf4j\2.10.0\log4j-to-slf4j-2.10.0.jar;D:\localRepository\org\apache\logging\log4j\log4j-api\2.10.0\log4j-api-2.10.0.jar;D:\localRepository\org\slf4j\jul-to-slf4j\1.7.25\jul-to-slf4j-1.7.25.jar;D:\localRepository\javax\annotation\javax.annotation-api\1.3.2\javax.annotation-api-1.3.2.jar;D:\localRepository\org\yaml\snakeyaml\1.19\snakeyaml-1.19.jar;D:\localRepository\org\springframework\cloud\spring-cloud-context\1.2.3.RELEASE\spring-cloud-context-1.2.3.RELEASE.jar;D:\localRepository\org\springframework\security\spring-security-crypto\5.0.7.RELEASE\spring-security-crypto-5.0.7.RELEASE.jar;D:\localRepository\org\springframework\cloud\spring-cloud-commons\1.2.3.RELEASE\spring-cloud-commons-1.2.3.RELEASE.jar;D:\localRepository\org\springframework\security\spring-security-rsa\1.0.3.RELEASE\spring-security-rsa-1.0.3.RELEASE.jar;D:\localRepository\org\bouncycastle\bcpkix-jdk15on\1.55\bcpkix-jdk15on-1.55.jar;D:\localRepository\org\bouncycastle\bcprov-jdk15on\1.55\bcprov-jdk15on-1.55.jar;D:\localRepository\org\springframework\cloud\spring-cloud-netflix-eureka-server\1.3.4.RELEASE\spring-cloud-netflix-eureka-server-1.3.4.RELEASE.jar;D:\localRepository\org\springframework\boot\spring-boot-starter-actuator\2.0.4.RELEASE\spring-boot-starter-actuator-2.0.4.RELEASE.jar;D:\localRepository\org\springframework\boot\spring-boot-actuator-autoconfigure\2.0.4.RELEASE\spring-boot-actuator-autoconfigure-2.0.4.RELEASE.jar;D:\localRepository\org\springframework\boot\spring-boot-actuator\2.0.4.RELEASE\spring-boot-actuator-2.0.4.RELEASE.jar;D:\localRepository\io\micrometer\micrometer-core\1.0.6\micrometer-core-1.0.6.jar;D:\localRepository\org\hdrhistogram\HdrHistogram\2.1.10\HdrHistogram-2.1.10.jar;D:\localRepository\org\latencyutils\LatencyUtils\2.0.3\LatencyUtils-2.0.3.jar;D:\localRepository\org\springframework\boot\spring-boot-starter-freemarker\2.0.4.RELEASE\spring-boot-starter-freemarker-2.0.4.RELEASE.jar;D:\localRepository\org\freemarker\freemarker\2.3.28\freemarker-2.3.28.jar;D:\localRepository\org\springframework\spring-context-support\5.0.8.RELEASE\spring-context-support-5.0.8.RELEASE.jar;D:\localRepository\com\sun\jersey\jersey-servlet\1.19.1\jersey-servlet-1.19.1.jar;D:\localRepository\com\sun\jersey\jersey-server\1.19.1\jersey-server-1.19.1.jar;D:\localRepository\com\netflix\archaius\archaius-core\0.7.4\archaius-core-0.7.4.jar;D:\localRepository\com\google\code\findbugs\jsr305\3.0.1\jsr305-3.0.1.jar;D:\localRepository\javax\inject\javax.inject\1\javax.inject-1.jar;D:\localRepository\com\fasterxml\jackson\dataformat\jackson-dataformat-xml\2.9.6\jackson-dataformat-xml-2.9.6.jar;D:\localRepository\com\fasterxml\jackson\module\jackson-module-jaxb-annotations\2.9.6\jackson-module-jaxb-annotations-2.9.6.jar;D:\localRepository\org\codehaus\woodstox\stax2-api\3.1.4\stax2-api-3.1.4.jar;D:\localRepository\com\fasterxml\woodstox\woodstox-core\5.0.3\woodstox-core-5.0.3.jar;D:\localRepository\org\springframework\cloud\spring-cloud-starter-archaius\1.3.4.RELEASE\spring-cloud-starter-archaius-1.3.4.RELEASE.jar;D:\localRepository\commons-configuration\commons-configuration\1.8\commons-configuration-1.8.jar;D:\localRepository\commons-lang\commons-lang\2.6\commons-lang-2.6.jar;D:\localRepository\com\fasterxml\jackson\core\jackson-annotations\2.9.0\jackson-annotations-2.9.0.jar;D:\localRepository\com\fasterxml\jackson\core\jackson-core\2.9.6\jackson-core-2.9.6.jar;D:\localRepository\com\google\guava\guava\18.0\guava-18.0.jar;D:\localRepository\org\springframework\cloud\spring-cloud-starter-ribbon\1.3.4.RELEASE\spring-cloud-starter-ribbon-1.3.4.RELEASE.jar;D:\localRepository\com\netflix\ribbon\ribbon\2.2.2\ribbon-2.2.2.jar;D:\localRepository\com\netflix\ribbon\ribbon-transport\2.2.2\ribbon-transport-2.2.2.jar;D:\localRepository\io\reactivex\rxnetty-contexts\0.4.9\rxnetty-contexts-0.4.9.jar;D:\localRepository\io\reactivex\rxnetty-servo\0.4.9\rxnetty-servo-0.4.9.jar;D:\localRepository\com\netflix\hystrix\hystrix-core\1.5.12\hystrix-core-1.5.12.jar;D:\localRepository\io\reactivex\rxnetty\0.4.9\rxnetty-0.4.9.jar;D:\localRepository\io\netty\netty-codec-http\4.1.27.Final\netty-codec-http-4.1.27.Final.jar;D:\localRepository\io\netty\netty-codec\4.1.27.Final\netty-codec-4.1.27.Final.jar;D:\localRepository\io\netty\netty-transport-native-epoll\4.1.27.Final\netty-transport-native-epoll-4.1.27.Final.jar;D:\localRepository\io\netty\netty-common\4.1.27.Final\netty-common-4.1.27.Final.jar;D:\localRepository\io\netty\netty-buffer\4.1.27.Final\netty-buffer-4.1.27.Final.jar;D:\localRepository\io\netty\netty-transport-native-unix-common\4.1.27.Final\netty-transport-native-unix-common-4.1.27.Final.jar;D:\localRepository\io\netty\netty-transport\4.1.27.Final\netty-transport-4.1.27.Final.jar;D:\localRepository\io\netty\netty-resolver\4.1.27.Final\netty-resolver-4.1.27.Final.jar;D:\localRepository\com\netflix\ribbon\ribbon-core\2.2.2\ribbon-core-2.2.2.jar;D:\localRepository\com\netflix\ribbon\ribbon-httpclient\2.2.2\ribbon-httpclient-2.2.2.jar;D:\localRepository\commons-collections\commons-collections\3.2.1\commons-collections-3.2.1.jar;D:\localRepository\com\netflix\netflix-commons\netflix-commons-util\0.1.1\netflix-commons-util-0.1.1.jar;D:\localRepository\com\netflix\ribbon\ribbon-loadbalancer\2.2.2\ribbon-loadbalancer-2.2.2.jar;D:\localRepository\com\netflix\netflix-commons\netflix-statistics\0.1.1\netflix-statistics-0.1.1.jar;D:\localRepository\io\reactivex\rxjava\1.3.8\rxjava-1.3.8.jar;D:\localRepository\com\netflix\ribbon\ribbon-eureka\2.2.2\ribbon-eureka-2.2.2.jar;D:\localRepository\org\slf4j\slf4j-api\1.7.25\slf4j-api-1.7.25.jar;D:\localRepository\junit\junit\3.8.1\junit-3.8.1.jar;D:\localRepository\org\springframework\cloud\spring-cloud-starter-config\1.3.2.RELEASE\spring-cloud-starter-config-1.3.2.RELEASE.jar;D:\localRepository\org\springframework\cloud\spring-cloud-config-client\1.3.2.RELEASE\spring-cloud-config-client-1.3.2.RELEASE.jar;D:\localRepository\org\springframework\spring-web\5.0.8.RELEASE\spring-web-5.0.8.RELEASE.jar;D:\localRepository\org\springframework\spring-beans\5.0.8.RELEASE\spring-beans-5.0.8.RELEASE.jar;D:\localRepository\com\fasterxml\jackson\core\jackson-databind\2.9.6\jackson-databind-2.9.6.jar;D:\localRepository\org\springframework\cloud\spring-cloud-starter-eureka\1.3.4.RELEASE\spring-cloud-starter-eureka-1.3.4.RELEASE.jar;D:\localRepository\org\springframework\boot\spring-boot-starter-web\2.0.4.RELEASE\spring-boot-starter-web-2.0.4.RELEASE.jar;D:\localRepository\org\springframework\boot\spring-boot-starter-json\2.0.4.RELEASE\spring-boot-starter-json-2.0.4.RELEASE.jar;D:\localRepository\com\fasterxml\jackson\datatype\jackson-datatype-jdk8\2.9.6\jackson-datatype-jdk8-2.9.6.jar;D:\localRepository\com\fasterxml\jackson\datatype\jackson-datatype-jsr310\2.9.6\jackson-datatype-jsr310-2.9.6.jar;D:\localRepository\com\fasterxml\jackson\module\jackson-module-parameter-names\2.9.6\jackson-module-parameter-names-2.9.6.jar;D:\localRepository\org\springframework\boot\spring-boot-starter-tomcat\2.0.4.RELEASE\spring-boot-starter-tomcat-2.0.4.RELEASE.jar;D:\localRepository\org\apache\tomcat\embed\tomcat-embed-core\8.5.32\tomcat-embed-core-8.5.32.jar;D:\localRepository\org\apache\tomcat\embed\tomcat-embed-el\8.5.32\tomcat-embed-el-8.5.32.jar;D:\localRepository\org\apache\tomcat\embed\tomcat-embed-websocket\8.5.32\tomcat-embed-websocket-8.5.32.jar;D:\localRepository\org\hibernate\validator\hibernate-validator\6.0.11.Final\hibernate-validator-6.0.11.Final.jar;D:\localRepository\javax\validation\validation-api\2.0.1.Final\validation-api-2.0.1.Final.jar;D:\localRepository\org\jboss\logging\jboss-logging\3.3.2.Final\jboss-logging-3.3.2.Final.jar;D:\localRepository\com\fasterxml\classmate\1.3.4\classmate-1.3.4.jar;D:\localRepository\org\springframework\spring-webmvc\5.0.8.RELEASE\spring-webmvc-5.0.8.RELEASE.jar;D:\localRepository\org\springframework\spring-aop\5.0.8.RELEASE\spring-aop-5.0.8.RELEASE.jar;D:\localRepository\org\springframework\spring-expression\5.0.8.RELEASE\spring-expression-5.0.8.RELEASE.jar;D:\localRepository\org\springframework\cloud\spring-cloud-netflix-core\1.3.4.RELEASE\spring-cloud-netflix-core-1.3.4.RELEASE.jar;D:\localRepository\org\springframework\cloud\spring-cloud-netflix-eureka-client\1.3.4.RELEASE\spring-cloud-netflix-eureka-client-1.3.4.RELEASE.jar;D:\localRepository\com\netflix\eureka\eureka-client\1.6.2\eureka-client-1.6.2.jar;D:\localRepository\org\codehaus\jettison\jettison\1.3.7\jettison-1.3.7.jar;D:\localRepository\stax\stax-api\1.0.1\stax-api-1.0.1.jar;D:\localRepository\com\netflix\netflix-commons\netflix-eventbus\0.3.0\netflix-eventbus-0.3.0.jar;D:\localRepository\com\netflix\netflix-commons\netflix-infix\0.3.0\netflix-infix-0.3.0.jar;D:\localRepository\commons-jxpath\commons-jxpath\1.3\commons-jxpath-1.3.jar;D:\localRepository\joda-time\joda-time\2.9.9\joda-time-2.9.9.jar;D:\localRepository\org\antlr\antlr-runtime\3.4\antlr-runtime-3.4.jar;D:\localRepository\org\antlr\stringtemplate\3.2.1\stringtemplate-3.2.1.jar;D:\localRepository\antlr\antlr\2.7.7\antlr-2.7.7.jar;D:\localRepository\com\google\code\gson\gson\2.8.5\gson-2.8.5.jar;D:\localRepository\org\apache\commons\commons-math\2.2\commons-math-2.2.jar;D:\localRepository\javax\ws\rs\jsr311-api\1.1.1\jsr311-api-1.1.1.jar;D:\localRepository\com\netflix\servo\servo-core\0.10.1\servo-core-0.10.1.jar;D:\localRepository\com\netflix\servo\servo-internal\0.10.1\servo-internal-0.10.1.jar;D:\localRepository\com\sun\jersey\jersey-core\1.19.1\jersey-core-1.19.1.jar;D:\localRepository\com\sun\jersey\jersey-client\1.19.1\jersey-client-1.19.1.jar;D:\localRepository\com\sun\jersey\contribs\jersey-apache-client4\1.19.1\jersey-apache-client4-1.19.1.jar;D:\localRepository\org\apache\httpcomponents\httpclient\4.5.6\httpclient-4.5.6.jar;D:\localRepository\org\apache\httpcomponents\httpcore\4.4.10\httpcore-4.4.10.jar;D:\localRepository\commons-codec\commons-codec\1.11\commons-codec-1.11.jar;D:\localRepository\com\google\inject\guice\4.1.0\guice-4.1.0.jar;D:\localRepository\aopalliance\aopalliance\1.0\aopalliance-1.0.jar;D:\localRepository\com\netflix\eureka\eureka-core\1.6.2\eureka-core-1.6.2.jar;D:\localRepository\org\codehaus\woodstox\woodstox-core-asl\4.4.1\woodstox-core-asl-4.4.1.jar;D:\localRepository\javax\xml\stream\stax-api\1.0-2\stax-api-1.0-2.jar;D:\localRepository\com\thoughtworks\xstream\xstream\1.4.9\xstream-1.4.9.jar;D:\localRepository\xmlpull\xmlpull\1.1.3.1\xmlpull-1.1.3.1.jar;D:\localRepository\xpp3\xpp3_min\1.1.4c\xpp3_min-1.1.4c.jar;D:\localRepository\org\springframework\boot\spring-boot-devtools\2.0.4.RELEASE\spring-boot-devtools-2.0.4.RELEASE.jar;D:\localRepository\org\springframework\boot\spring-boot\2.0.4.RELEASE\spring-boot-2.0.4.RELEASE.jar;D:\localRepository\org\springframework\spring-core\5.0.8.RELEASE\spring-core-5.0.8.RELEASE.jar;D:\localRepository\org\springframework\spring-jcl\5.0.8.RELEASE\spring-jcl-5.0.8.RELEASE.jar;D:\localRepository\org\springframework\spring-context\5.0.8.RELEASE\spring-context-5.0.8.RELEASE.jar;D:\localRepository\org\springframework\boot\spring-boot-autoconfigure\2.0.4.RELEASE\spring-boot-autoconfigure-2.0.4.RELEASE.jar;"/>
    <property name="sun.cpu.endian" value="little"/>
    <property name="user.home" value="C:\Users\zy"/>
    <property name="user.language" value="zh"/>
    <property name="java.specification.vendor" value="Oracle Corporation"/>
    <property name="java.home" value="D:\Program Files\Java\jdk1.8.0_91\jre"/>
    <property name="basedir" value="D:\Program Files\workspace_my\springCloud\springCloud-server"/>
    <property name="file.separator" value="\"/>
    <property name="line.separator" value="&#10;"/>
    <property name="java.vm.specification.vendor" value="Oracle Corporation"/>
    <property name="java.specification.name" value="Java Platform API Specification"/>
    <property name="java.awt.graphicsenv" value="sun.awt.Win32GraphicsEnvironment"/>
    <property name="surefire.real.class.path" value="C:\Users\zy\AppData\Local\Temp\surefire7935191200989908775\surefirebooter7751976488467516319.jar"/>
    <property name="sun.boot.class.path" value="D:\Program Files\Java\jdk1.8.0_91\jre\lib\resources.jar;D:\Program Files\Java\jdk1.8.0_91\jre\lib\rt.jar;D:\Program Files\Java\jdk1.8.0_91\jre\lib\sunrsasign.jar;D:\Program Files\Java\jdk1.8.0_91\jre\lib\jsse.jar;D:\Program Files\Java\jdk1.8.0_91\jre\lib\jce.jar;D:\Program Files\Java\jdk1.8.0_91\jre\lib\charsets.jar;D:\Program Files\Java\jdk1.8.0_91\jre\lib\jfr.jar;D:\Program Files\Java\jdk1.8.0_91\jre\classes"/>
    <property name="user.script" value=""/>
    <property name="sun.management.compiler" value="HotSpot 64-Bit Tiered Compilers"/>
    <property name="java.runtime.version" value="1.8.0_91-b15"/>
    <property name="user.name" value="zy"/>
    <property name="path.separator" value=";"/>
    <property name="os.version" value="6.1"/>
    <property name="java.endorsed.dirs" value="D:\Program Files\Java\jdk1.8.0_91\jre\lib\endorsed"/>
    <property name="java.runtime.name" value="Java(TM) SE Runtime Environment"/>
    <property name="file.encoding" value="GBK"/>
    <property name="java.vm.name" value="Java HotSpot(TM) 64-Bit Server VM"/>
    <property name="localRepository" value="D:\localRepository"/>
    <property name="java.vendor.url.bug" value="http://bugreport.sun.com/bugreport/"/>
    <property name="java.io.tmpdir" value="C:\Users\zy\AppData\Local\Temp\"/>
    <property name="java.version" value="1.8.0_91"/>
    <property name="user.dir" value="D:\Program Files\workspace_my\springCloud\springCloud-server"/>
    <property name="os.arch" value="amd64"/>
    <property name="java.vm.specification.name" value="Java Virtual Machine Specification"/>
    <property name="java.awt.printerjob" value="sun.awt.windows.WPrinterJob"/>
    <property name="sun.os.patch.level" value="Service Pack 1"/>
    <property name="java.library.path" value="D:\Program Files\Java\jdk1.8.0_91\jre\bin;C:\Windows\Sun\Java\bin;C:\Windows\system32;C:\Windows;C:/Program Files/Java/jre1.8.0_161/bin/server;C:/Program Files/Java/jre1.8.0_161/bin;C:/Program Files/Java/jre1.8.0_161/lib/amd64;C:\ProgramData\Oracle\Java\javapath;C:\Program Files (x86)\Intel\iCLS Client\;C:\Program Files\Intel\iCLS Client\;C:\Windows\system32;C:\Windows;C:\Windows\System32\Wbem;C:\Windows\System32\WindowsPowerShell\v1.0\;C:\Program Files (x86)\Intel\Intel(R) Management Engine Components\DAL;C:\Program Files\Intel\Intel(R) Management Engine Components\DAL;C:\Program Files (x86)\Intel\Intel(R) Management Engine Components\IPT;C:\Program Files\Intel\Intel(R) Management Engine Components\IPT; D:\Java\jdk1.8.0_91\bin;D:\Java\jdk1.8.0_91\jre\bin;D:\Program Files\java_tools\git\Git\cmd;d:\Program Files (x86)\IDM Computer Solutions\UltraEdit;D:\Program Files\java_tools\apache-maven-3.3.9\bin;D:\Program Files\TortoiseGit\bin;D:\Program Files (x86)\Graphviz2.38\bin;D:\Python34;D:\Program Files\java_tools\gradle-4.5\bin;;d:\Program Files (x86)\Microsoft VS Code\bin;D:\Program Files\java_tools\eclipse-neon3\eclipse;;."/>
    <property name="java.vm.info" value="mixed mode"/>
    <property name="java.vendor" value="Oracle Corporation"/>
    <property name="java.vm.version" value="25.91-b15"/>
    <property name="java.ext.dirs" value="D:\Program Files\Java\jdk1.8.0_91\jre\lib\ext;C:\Windows\Sun\Java\lib\ext"/>
    <property name="sun.io.unicode.encoding" value="UnicodeLittle"/>
    <property name="java.class.version" value="52.0"/>
  </properties>
  <testcase name="testApp" classname="org.springCloud.server.AppTest" time="0.001"/>
</testsuite>